--- Job q4_infeasible.gms Start 10/14/21 22:26:02 36.2.0 r433180e WEX-WEI x86 64bit/MS Windows
--- Applying:
    C:\GAMS\36\gmsprmNT.txt
--- GAMS Parameters defined
    Input "C:\Users\alpha\OneDrive - Indian Institute of Technology Guwahati\It's time to Clear THings UP\Semester 7\CL643 Computer Aided Applied Optimization\Assignment 4\q4_infeasible\q4_infeasible.gms"
    PageSize 0
    ScrDir "C:\Users\alpha\OneDrive - Indian Institute of Technology Guwahati\It's time to Clear THings UP\Semester 7\CL643 Computer Aided Applied Optimization\Assignment 4\q4_infeasible\225a\"
    SysDir C:\GAMS\36\
    LogOption 3
    ErrMsg 1
    ErrorLog 99
    IDE 1
    LstTitleLeftAligned 1
Licensee: GAMS Demo license for Rohit Nandwani           G210913|0002CO-GEN
          Indian Institute Of Technology Guwahati, India           DL048134
          C:\GAMS\36\gamslice.txt
          nandwani@iitg.ac.in, Rohit Nandwani                              
          Demo license for demonstration and instructional purposes only
Processor information: 1 socket(s), 2 core(s), and 2 thread(s) available
GAMS 36.2.0   Copyright (C) 1987-2021 GAMS Development. All rights reserved
--- Starting compilation
--- q4_infeasible.gms(41) 2 Mb
--- Starting execution: elapsed 0:00:00.015
--- q4_infeasible.gms(35) 3 Mb
--- Generating MINLP model q4_infeasible
--- q4_infeasible.gms(37) 5 Mb
---   7 rows  4 columns  13 non-zeroes
---   22 nl-code  4 nl-non-zeroes
---   2 discrete-columns
--- q4_infeasible.gms(37) 3 Mb
--- Executing LINDO (Solvelink=2): elapsed 0:00:00.047

LINDO            36.2.0 r433180e Released Sep 03, 2021 WEI x86 64bit/MS Window

   LINDO Driver
   Lindo Systems Inc, www.lindo.com

*** This solver runs with a demo license. No commercial use.
Lindo API version 13.0.4099.291 built on Jul  9 2021 22:43:27
Barrier Solver Version 9.2.047, Nonlinear Solver Version 3.17K
Platform Windows 64x86 (B)


Number of constraints:       6    le:       3, ge:       2, eq:       1, rn:       0 (ne:0)
Number of variables  :       3    lb:       3, ub:       0, fr:       0, bx:       0 (fx:0)
Number of nonzeroes  :       9    density:   0.005(%)     , sb:       0, dir:max

Abs. Ranges     :         Min.          Max.    Condition.
Matrix Coef. (A):      0.85450       1.00000       1.17028 
Obj. Vector  (c):  1.0000e-100   1.0000e-100       1.00000 
RHS Vector   (b):      1.57080     100.00000      63.66198 
Lower Bounds (l):  1.0000e-100   1.0000e-100       1.00000 
Upper Bounds (u):  1.0000e+030   1.0000e+030       1.00000 
BadScale Measure: 0

Binary variables     :       0 (in 0 constraints)
Integer variables    :       2 (in 4 constraints)

Nonlinear variables  :       3
Nonlinear constraints:       2
Nonlinear nonzeroes  :       1+3

Start LSsolveGOP

Starting global optimization ...

Number of Threads: 1

Number of nonlinear functions/operators:  4
 EP_MULTIPLY  EP_POWER  EP_COS  EP_SQR 

Starting GOP presolve ...
First Call Local Solver

Pre-check unboundedness
Computing reduced bound...


Terminating global search ...



 Problem is infeasible
 Objective value              :                 1e+030
 Best Bound                   :                 1e+030
 Rel. GOP Gap                 :          1.000000e+000
 Abs. GOP Gap                 :          1.000000e+030
 Factors (ok,stb)             :                      0 (-1.#J,-1.#J)
 Simplex iterations           :                      0
 Barrier iterations           :                      0
 Nonlinear iterations         :                      0
 Box iterations               :                      0
 Total number of boxes        :                      0
 Max. Depth                   :                      0
 First solution time (sec.)   :                     -1
 Best solution time (sec.)    :                     -1
 Total time (sec.)            :                      0
 

--- The model is infeasible. Set option "IIS" to check for irreducible infeasible set.

--- Reading solution for model q4_infeasible
--- Executing after solve: elapsed 0:00:00.242
--- q4_infeasible.gms(41) 3 Mb
*** Status: Normal completion
--- Job q4_infeasible.gms Stop 10/14/21 22:26:02 elapsed 0:00:00.265
