--- Job q4_feasible.gms Start 10/14/21 22:25:05 36.2.0 r433180e WEX-WEI x86 64bit/MS Windows
--- Applying:
    C:\GAMS\36\gmsprmNT.txt
--- GAMS Parameters defined
    Input "C:\Users\alpha\OneDrive - Indian Institute of Technology Guwahati\It's time to Clear THings UP\Semester 7\CL643 Computer Aided Applied Optimization\Assignment 4\q4_feasible\q4_feasible.gms"
    PageSize 0
    ScrDir "C:\Users\alpha\OneDrive - Indian Institute of Technology Guwahati\It's time to Clear THings UP\Semester 7\CL643 Computer Aided Applied Optimization\Assignment 4\q4_feasible\225a\"
    SysDir C:\GAMS\36\
    LogOption 3
    ErrMsg 1
    ErrorLog 99
    IDE 1
    LstTitleLeftAligned 1
Licensee: GAMS Demo license for Rohit Nandwani           G210913|0002CO-GEN
          Indian Institute Of Technology Guwahati, India           DL048134
          C:\GAMS\36\gamslice.txt
          nandwani@iitg.ac.in, Rohit Nandwani                              
          Demo license for demonstration and instructional purposes only
Processor information: 1 socket(s), 2 core(s), and 2 thread(s) available
GAMS 36.2.0   Copyright (C) 1987-2021 GAMS Development. All rights reserved
--- Starting compilation
--- q4_feasible.gms(41) 2 Mb
--- Starting execution: elapsed 0:00:00.016
--- q4_feasible.gms(35) 3 Mb
--- Generating MINLP model q4_feasible
--- q4_feasible.gms(37) 5 Mb
---   7 rows  4 columns  14 non-zeroes
---   24 nl-code  4 nl-non-zeroes
---   2 discrete-columns
--- q4_feasible.gms(37) 3 Mb
--- Executing LINDO (Solvelink=2): elapsed 0:00:00.094

LINDO            36.2.0 r433180e Released Sep 03, 2021 WEI x86 64bit/MS Window

   LINDO Driver
   Lindo Systems Inc, www.lindo.com

*** This solver runs with a demo license. No commercial use.
Lindo API version 13.0.4099.291 built on Jul  9 2021 22:43:27
Barrier Solver Version 9.2.047, Nonlinear Solver Version 3.17K
Platform Windows 64x86 (B)


Number of constraints:       6    le:       4, ge:       1, eq:       1, rn:       0 (ne:0)
Number of variables  :       3    lb:       3, ub:       0, fr:       0, bx:       0 (fx:0)
Number of nonzeroes  :      10    density:  0.0056(%)     , sb:       0, dir:max

Abs. Ranges     :         Min.          Max.    Condition.
Matrix Coef. (A):      1.00000      13.00000      13.00000 
Obj. Vector  (c):  1.0000e-100   1.0000e-100       1.00000 
RHS Vector   (b):      3.00000     100.00000      33.33333 
Lower Bounds (l):  1.0000e-100   1.0000e-100       1.00000 
Upper Bounds (u):  1.0000e+030   1.0000e+030       1.00000 
BadScale Measure: 0

Binary variables     :       0 (in 0 constraints)
Integer variables    :       2 (in 5 constraints)

Nonlinear variables  :       3
Nonlinear constraints:       2
Nonlinear nonzeroes  :       1+3

Start LSsolveGOP

Starting global optimization ...

Number of Threads: 1

Number of nonlinear functions/operators:  4
 EP_MULTIPLY  EP_POWER  EP_SIN  EP_SQR 

Starting GOP presolve ...
First Call Local Solver
Find local solution, objvalue = 2.50292e+007

Computing reduced bound...
Searching for a better solution...

Starting Main Loop...


Terminating global search ...


Computing a dual MIP solution by resolving the model with
integer variables fixed at their optimal MIP values.
Optimizing the restricted LP for dual values...
Computation of dual MIP solution FAILED (2019)


 Global optimum found
 Objective value              :          25029217.6077
 Best Bound                   :          25029240.1777
 Rel. GOP Gap                 :          9.017434e-007
 Abs. GOP Gap                 :          2.256995e+001
 Factors (ok,stb)             :                      0 (-1.#J,-1.#J)
 Simplex iterations           :                      0
 Barrier iterations           :                      0
 Nonlinear iterations         :                     39
 Box iterations               :                      0
 Total number of boxes        :                      0
 Max. Depth                   :                      0
 First solution time (sec.)   :                      0
 Best solution time (sec.)    :                      0
 Total time (sec.)            :                      0
 



--- Fixing integer variables and calculating reduced costs


Computing a dual MIP solution by resolving the model with
integer variables fixed at their optimal MIP values.
Optimizing the restricted LP for dual values...
NLP local optimizer started.

  Iter  Phase   nInf         Objective    Pinf(sum)  Dinf(rgmax)      Time
     0      0      0  -1.00000000e+030   1.000e+000   0.000e+000      0.00
     0      0      0  -1.00000000e+030   1.000e+000   0.000e+000      0.00
NLP retry #1 to refine the final iterate (status:3, pinfeas: 2.90041e-005).
     0      0      0  -1.00000000e+030   1.000e+000   0.000e+000      0.00
     0      0      0  -1.00000000e+030   1.000e+000   0.000e+000      0.00
NLP retry #2 to refine the final iterate (status:3, pinfeas: 2.90041e-005).
     0      0      0  -1.00000000e+030   1.000e+000   0.000e+000      0.02
     0      0      0  -1.00000000e+030   1.000e+000   0.000e+000      0.02
NLP retry #3 to refine the final iterate (status:3, pinfeas: 2.90041e-005).
     0      0      0  -1.00000000e+030   1.000e+000   0.000e+000      0.02
     3      1      1  -1.00000000e+030   1.000e+000   0.000e+000      0.02
NLP retry #4 to refine the final iterate (status:3, pinfeas: 2.90041e-005).
     3      0      0  -1.00000000e+030   1.000e+000   0.000e+000      0.02

NLP local optimizer terminated, obj:2.50293e+007, pfeas:0.000236845, status:3 (err: 0).

NLP local optimizer started.

     0      0      0  -1.00000000e+030   1.000e+000   0.000e+000      0.00
     0      0      0  -1.00000000e+030   1.000e+000   0.000e+000      0.00
NLP retry #1 to refine the final iterate (status:3, pinfeas: 2.90041e-005).
     0      0      0  -1.00000000e+030   1.000e+000   0.000e+000      0.00
     0      0      0  -1.00000000e+030   1.000e+000   0.000e+000      0.00
NLP retry #2 to refine the final iterate (status:3, pinfeas: 2.90041e-005).
     0      0      0  -1.00000000e+030   1.000e+000   0.000e+000      0.00
     0      0      0  -1.00000000e+030   1.000e+000   0.000e+000      0.00
NLP retry #3 to refine the final iterate (status:3, pinfeas: 2.90041e-005).
     0      0      0  -1.00000000e+030   1.000e+000   0.000e+000      0.00
     3      1      1  -1.00000000e+030   1.000e+000   0.000e+000      0.00
NLP retry #4 to refine the final iterate (status:3, pinfeas: 2.90041e-005).
     3      0      0  -1.00000000e+030   1.000e+000   0.000e+000      0.00

NLP local optimizer terminated, obj:2.50293e+007, pfeas:0.000236845, status:3 (err: 0).

Computation of dual MIP solution FAILED (2019)

--- Done calculating reduced costs

*** Solver stopped because of numerical instability.

Computing a dual MIP solution by resolving the model with
integer variables fixed at their optimal MIP values.
Optimizing the restricted LP for dual values...
NLP local optimizer started.

  Iter  Phase   nInf         Objective    Pinf(sum)  Dinf(rgmax)      Time
     0      0      0  -1.00000000e+030   1.000e+000   0.000e+000      0.00
     0      0      0  -1.00000000e+030   1.000e+000   0.000e+000      0.00
NLP retry #1 to refine the final iterate (status:3, pinfeas: 2.90041e-005).
     0      0      0  -1.00000000e+030   1.000e+000   0.000e+000      0.00
     0      0      0  -1.00000000e+030   1.000e+000   0.000e+000      0.00
NLP retry #2 to refine the final iterate (status:3, pinfeas: 2.90041e-005).
     0      0      0  -1.00000000e+030   1.000e+000   0.000e+000      0.00
     0      0      0  -1.00000000e+030   1.000e+000   0.000e+000      0.00
NLP retry #3 to refine the final iterate (status:3, pinfeas: 2.90041e-005).
     0      0      0  -1.00000000e+030   1.000e+000   0.000e+000      0.00
     3      1      1  -1.00000000e+030   1.000e+000   0.000e+000      0.00
NLP retry #4 to refine the final iterate (status:3, pinfeas: 2.90041e-005).
     3      0      0  -1.00000000e+030   1.000e+000   0.000e+000      0.00

NLP local optimizer terminated, obj:2.50293e+007, pfeas:0.000236845, status:3 (err: 0).

NLP local optimizer started.

     0      0      0  -1.00000000e+030   1.000e+000   0.000e+000      0.00
     0      0      0  -1.00000000e+030   1.000e+000   0.000e+000      0.00
NLP retry #1 to refine the final iterate (status:3, pinfeas: 2.90041e-005).
     0      0      0  -1.00000000e+030   1.000e+000   0.000e+000      0.00
     0      0      0  -1.00000000e+030   1.000e+000   0.000e+000      0.00
NLP retry #2 to refine the final iterate (status:3, pinfeas: 2.90041e-005).
     0      0      0  -1.00000000e+030   1.000e+000   0.000e+000      0.00
     0      0      0  -1.00000000e+030   1.000e+000   0.000e+000      0.00
NLP retry #3 to refine the final iterate (status:3, pinfeas: 2.90041e-005).
     0      0      0  -1.00000000e+030   1.000e+000   0.000e+000      0.00
     3      1      1  -1.00000000e+030   1.000e+000   0.000e+000      0.00
NLP retry #4 to refine the final iterate (status:3, pinfeas: 2.90041e-005).
     3      0      0  -1.00000000e+030   1.000e+000   0.000e+000      0.00

NLP local optimizer terminated, obj:2.50293e+007, pfeas:0.000236845, status:3 (err: 0).

Computation of dual MIP solution FAILED (2019)
*** Solver stopped because of numerical instability.

Computing a dual MIP solution by resolving the model with
integer variables fixed at their optimal MIP values.
Optimizing the restricted LP for dual values...
NLP local optimizer started.

  Iter  Phase   nInf         Objective    Pinf(sum)  Dinf(rgmax)      Time
     0      0      0  -1.00000000e+030   1.000e+000   0.000e+000      0.00
     0      0      0  -1.00000000e+030   1.000e+000   0.000e+000      0.00
NLP retry #1 to refine the final iterate (status:3, pinfeas: 2.90041e-005).
     0      0      0  -1.00000000e+030   1.000e+000   0.000e+000      0.00
     0      0      0  -1.00000000e+030   1.000e+000   0.000e+000      0.00
NLP retry #2 to refine the final iterate (status:3, pinfeas: 2.90041e-005).
     0      0      0  -1.00000000e+030   1.000e+000   0.000e+000      0.00
     0      0      0  -1.00000000e+030   1.000e+000   0.000e+000      0.00
NLP retry #3 to refine the final iterate (status:3, pinfeas: 2.90041e-005).
     0      0      0  -1.00000000e+030   1.000e+000   0.000e+000      0.00
     3      1      1  -1.00000000e+030   1.000e+000   0.000e+000      0.00
NLP retry #4 to refine the final iterate (status:3, pinfeas: 2.90041e-005).
     3      0      0  -1.00000000e+030   1.000e+000   0.000e+000      0.00

NLP local optimizer terminated, obj:2.50293e+007, pfeas:0.000236845, status:3 (err: 0).

NLP local optimizer started.

     0      0      0  -1.00000000e+030   1.000e+000   0.000e+000      0.00
     0      0      0  -1.00000000e+030   1.000e+000   0.000e+000      0.00
NLP retry #1 to refine the final iterate (status:3, pinfeas: 2.90041e-005).
     0      0      0  -1.00000000e+030   1.000e+000   0.000e+000      0.00
     0      0      0  -1.00000000e+030   1.000e+000   0.000e+000      0.00
NLP retry #2 to refine the final iterate (status:3, pinfeas: 2.90041e-005).
     0      0      0  -1.00000000e+030   1.000e+000   0.000e+000      0.00
     0      0      0  -1.00000000e+030   1.000e+000   0.000e+000      0.00
NLP retry #3 to refine the final iterate (status:3, pinfeas: 2.90041e-005).
     0      0      0  -1.00000000e+030   1.000e+000   0.000e+000      0.00
     3      1      1  -1.00000000e+030   1.000e+000   0.000e+000      0.00
NLP retry #4 to refine the final iterate (status:3, pinfeas: 2.90041e-005).
     3      0      0  -1.00000000e+030   1.000e+000   0.000e+000      0.07

NLP local optimizer terminated, obj:2.50293e+007, pfeas:0.000236845, status:3 (err: 0).

Computation of dual MIP solution FAILED (2019)
*** Solver stopped because of numerical instability.

Solution      = 25029217.6077374
Best possible = 25029240.1776892
Absolute gap  = 22.569951813668  (OptCA = 0)
Relative gap  = 0.00000  (OptCR = 0.0001)

--- Reading solution for model q4_feasible
--- Executing after solve: elapsed 0:00:01.279
--- q4_feasible.gms(41) 3 Mb
*** Status: Normal completion
--- Job q4_feasible.gms Stop 10/14/21 22:25:06 elapsed 0:00:01.294
