--- Job q2_infeasible.gms Start 10/14/21 22:19:51 36.2.0 r433180e WEX-WEI x86 64bit/MS Windows
--- Applying:
    C:\GAMS\36\gmsprmNT.txt
--- GAMS Parameters defined
    Input "C:\Users\alpha\OneDrive - Indian Institute of Technology Guwahati\It's time to Clear THings UP\Semester 7\CL643 Computer Aided Applied Optimization\Assignment 4\q2_infeasible\q2_infeasible.gms"
    PageSize 0
    ScrDir "C:\Users\alpha\OneDrive - Indian Institute of Technology Guwahati\It's time to Clear THings UP\Semester 7\CL643 Computer Aided Applied Optimization\Assignment 4\q2_infeasible\225a\"
    SysDir C:\GAMS\36\
    LogOption 3
    ErrMsg 1
    ErrorLog 99
    IDE 1
    LstTitleLeftAligned 1
Licensee: GAMS Demo license for Rohit Nandwani           G210913|0002CO-GEN
          Indian Institute Of Technology Guwahati, India           DL048134
          C:\GAMS\36\gamslice.txt
          nandwani@iitg.ac.in, Rohit Nandwani                              
          Demo license for demonstration and instructional purposes only
Processor information: 1 socket(s), 2 core(s), and 2 thread(s) available
GAMS 36.2.0   Copyright (C) 1987-2021 GAMS Development. All rights reserved
--- Starting compilation
--- q2_infeasible.gms(38) 2 Mb
--- Starting execution: elapsed 0:00:00.000
--- q2_infeasible.gms(32) 3 Mb
--- Generating NLP model q2_infeasible
--- q2_infeasible.gms(34) 5 Mb
---   3 rows  4 columns  9 non-zeroes
---   32 nl-code  5 nl-non-zeroes
--- q2_infeasible.gms(34) 3 Mb
--- Executing CONOPT (Solvelink=2): elapsed 0:00:00.094

CONOPT 3         36.2.0 r433180e Released Sep 03, 2021 WEI x86 64bit/MS Window

--- *** This solver runs with a demo license. No commercial use.
 
 
    C O N O P T 3   version 3.17K
    Copyright (C)   ARKI Consulting and Development A/S
                    Bagsvaerdvej 246 A
                    DK-2880 Bagsvaerd, Denmark
 
 
   Iter Phase Ninf   Infeasibility   RGmax    NSB   Step InItr MX OK
      0   0        4.7744129544E+00 (Input point)
 
                   Pre-triangular equations:   0
                   Post-triangular equations:  1
                   Definitional equations:     1
 
      1   0        4.2500000000E+00 (After pre-processing)
      2   0        1.0625000000E+00 (After scaling)
     11   1     1  3.3619065656E-01 2.5E-01     2 7.0E-01      F  T
     16   2     1  1.7090527541E-01 1.0E-05     1 1.0E+00    1 T  T
     17   2     1  1.7090527541E-01 5.7E-12     1
 
 ** Infeasible solution. Reduced gradient less than tolerance.
 
--- Reading solution for model q2_infeasible
--- Executing after solve: elapsed 0:00:00.296
--- q2_infeasible.gms(38) 3 Mb
*** Status: Normal completion
--- Job q2_infeasible.gms Stop 10/14/21 22:19:52 elapsed 0:00:00.296
