--- Job q2_feasible.gms Start 10/14/21 22:17:55 36.2.0 r433180e WEX-WEI x86 64bit/MS Windows
--- Applying:
    C:\GAMS\36\gmsprmNT.txt
--- GAMS Parameters defined
    Input "C:\Users\alpha\OneDrive - Indian Institute of Technology Guwahati\It's time to Clear THings UP\Semester 7\CL643 Computer Aided Applied Optimization\Assignment 4\q2_feasible\q2_feasible.gms"
    PageSize 0
    ScrDir "C:\Users\alpha\OneDrive - Indian Institute of Technology Guwahati\It's time to Clear THings UP\Semester 7\CL643 Computer Aided Applied Optimization\Assignment 4\q2_feasible\225a\"
    SysDir C:\GAMS\36\
    LogOption 3
    ErrMsg 1
    ErrorLog 99
    IDE 1
    LstTitleLeftAligned 1
Licensee: GAMS Demo license for Rohit Nandwani           G210913|0002CO-GEN
          Indian Institute Of Technology Guwahati, India           DL048134
          C:\GAMS\36\gamslice.txt
          nandwani@iitg.ac.in, Rohit Nandwani                              
          Demo license for demonstration and instructional purposes only
Processor information: 1 socket(s), 2 core(s), and 2 thread(s) available
GAMS 36.2.0   Copyright (C) 1987-2021 GAMS Development. All rights reserved
--- Starting compilation
--- q2_feasible.gms(35) 2 Mb
--- Starting execution: elapsed 0:00:00.016
--- q2_feasible.gms(29) 3 Mb
--- Generating NLP model q2_feasible
--- q2_feasible.gms(31) 5 Mb
---   4 rows  4 columns  10 non-zeroes
---   25 nl-code  5 nl-non-zeroes
--- q2_feasible.gms(31) 3 Mb
--- Executing CONOPT (Solvelink=2): elapsed 0:00:00.078

CONOPT 3         36.2.0 r433180e Released Sep 03, 2021 WEI x86 64bit/MS Window

--- *** This solver runs with a demo license. No commercial use.
 
 
    C O N O P T 3   version 3.17K
    Copyright (C)   ARKI Consulting and Development A/S
                    Bagsvaerdvej 246 A
                    DK-2880 Bagsvaerd, Denmark
 
 
   Iter Phase Ninf   Infeasibility   RGmax    NSB   Step InItr MX OK
      0   0        6.4625000200E+00 (Input point)
 
                   Pre-triangular equations:   0
                   Post-triangular equations:  1
                   Definitional equations:     1
 
      1   0        2.4000000200E+00 (After pre-processing)
      2   0        6.0000000500E-01 (After scaling)
     10   0     0  1.8556239719E-02               1.0E+00      F  T
     20   0     0  1.1821681818E-04               1.0E+00      F  T
     30   0     0  4.9987272951E-07               1.0E+00      F  T
 
 ** Feasible solution. Value of objective =   -4446.58017573
 
   Iter Phase Ninf     Objective     RGmax    NSB   Step InItr MX OK
     40   4       -3.3737116452E+03 5.5E-10     1
 
 ** Optimal solution. Reduced gradient less than tolerance.
 
--- Reading solution for model q2_feasible
--- Executing after solve: elapsed 0:00:00.609
--- q2_feasible.gms(35) 3 Mb
*** Status: Normal completion
--- Job q2_feasible.gms Stop 10/14/21 22:17:56 elapsed 0:00:00.631
